Determining if the pthread_create exist failed with the following output:
Change Dir: /home/a_abushaqra/hrwros_ws/build/hrwros_week2/CMakeFiles/CMakeTmp

Run Build Command:"/usr/bin/make" "cmTC_cfbeb/fast"
/usr/bin/make -f CMakeFiles/cmTC_cfbeb.dir/build.make CMakeFiles/cmTC_cfbeb.dir/build
make[1]: Entering directory '/home/a_abushaqra/hrwros_ws/build/hrwros_week2/CMakeFiles/CMakeTmp'
Building C object CMakeFiles/cmTC_cfbeb.dir/CheckSymbolExists.c.o
/usr/bin/cc    -o CMakeFiles/cmTC_cfbeb.dir/CheckSymbolExists.c.o   -c /home/a_abushaqra/hrwros_ws/build/hrwros_week2/CMakeFiles/CMakeTmp/CheckSymbolExists.c
Linking C executable cmTC_cfbeb
/usr/bin/cmake -E cmake_link_script CMakeFiles/cmTC_cfbeb.dir/link.txt --verbose=1
/usr/bin/cc      -rdynamic CMakeFiles/cmTC_cfbeb.dir/CheckSymbolExists.c.o  -o cmTC_cfbeb 
CMakeFiles/cmTC_cfbeb.dir/CheckSymbolExists.c.o: In function `main':
CheckSymbolExists.c:(.text+0x1b): undefined reference to `pthread_create'
collect2: error: ld returned 1 exit status
CMakeFiles/cmTC_cfbeb.dir/build.make:97: recipe for target 'cmTC_cfbeb' failed
make[1]: *** [cmTC_cfbeb] Error 1
make[1]: Leaving directory '/home/a_abushaqra/hrwros_ws/build/hrwros_week2/CMakeFiles/CMakeTmp'
Makefile:126: recipe for target 'cmTC_cfbeb/fast' failed
make: *** [cmTC_cfbeb/fast] Error 2

File /home/a_abushaqra/hrwros_ws/build/hrwros_week2/CMakeFiles/CMakeTmp/CheckSymbolExists.c:
/* */
#include <pthread.h>

int main(int argc, char** argv)
{
  (void)argv;
#ifndef pthread_create
  return ((int*)(&pthread_create))[argc];
#else
  (void)argc;
  return 0;
#endif
}

Determining if the function pthread_create exists in the pthreads failed with the following output:
Change Dir: /home/a_abushaqra/hrwros_ws/build/hrwros_week2/CMakeFiles/CMakeTmp

Run Build Command:"/usr/bin/make" "cmTC_8d8a8/fast"
/usr/bin/make -f CMakeFiles/cmTC_8d8a8.dir/build.make CMakeFiles/cmTC_8d8a8.dir/build
make[1]: Entering directory '/home/a_abushaqra/hrwros_ws/build/hrwros_week2/CMakeFiles/CMakeTmp'
Building C object CMakeFiles/cmTC_8d8a8.dir/CheckFunctionExists.c.o
/usr/bin/cc   -DCHECK_FUNCTION_EXISTS=pthread_create   -o CMakeFiles/cmTC_8d8a8.dir/CheckFunctionExists.c.o   -c /usr/share/cmake-3.10/Modules/CheckFunctionExists.c
Linking C executable cmTC_8d8a8
/usr/bin/cmake -E cmake_link_script CMakeFiles/cmTC_8d8a8.dir/link.txt --verbose=1
/usr/bin/cc  -DCHECK_FUNCTION_EXISTS=pthread_create    -rdynamic CMakeFiles/cmTC_8d8a8.dir/CheckFunctionExists.c.o  -o cmTC_8d8a8 -lpthreads 
/usr/bin/ld: cannot find -lpthreads
collect2: error: ld returned 1 exit status
CMakeFiles/cmTC_8d8a8.dir/build.make:97: recipe for target 'cmTC_8d8a8' failed
make[1]: *** [cmTC_8d8a8] Error 1
make[1]: Leaving directory '/home/a_abushaqra/hrwros_ws/build/hrwros_week2/CMakeFiles/CMakeTmp'
Makefile:126: recipe for target 'cmTC_8d8a8/fast' failed
make: *** [cmTC_8d8a8/fast] Error 2


